<?xml version='1.0' encoding='UTF-8'?>
<testsuite hostname="eduardo" name="org.ntic.flights.data.FlightDateTest" tests="3" errors="0" failures="0" skipped="0" time="0.055" timestamp="2025-02-26T14:00:08">
          <properties>
      <property name="awt.toolkit" value="sun.awt.X11.XToolkit"/><property name="java.specification.version" value="11"/><property name="sun.cpu.isalist" value=""/><property name="sun.jnu.encoding" value="UTF-8"/><property name="sun.arch.data.model" value="64"/><property name="java.vendor.url" value="https://tracker.debian.org/openjdk-11"/><property name="sun.boot.library.path" value="/usr/lib/jvm/java-11-openjdk-amd64/lib"/><property name="sun.java.command" value="/home/jrbeduardo/.sdkman/candidates/sbt/1.10.7/bin/sbt-launch.jar test"/><property name="jdk.debug" value="release"/><property name="java.specification.vendor" value="Oracle Corporation"/><property name="java.version.date" value="2025-01-21"/><property name="java.home" value="/usr/lib/jvm/java-11-openjdk-amd64"/><property name="file.separator" value="/"/><property name="java.vm.compressedOopsMode" value="32-bit"/><property name="line.separator" value="
"/><property name="java.specification.name" value="Java Platform API Specification"/><property name="java.vm.specification.vendor" value="Oracle Corporation"/><property name="sun.management.compiler" value="HotSpot 64-Bit Tiered Compilers"/><property name="java.runtime.version" value="11.0.26+4-post-Debian-1deb11u1"/><property name="user.name" value="jrbeduardo"/><property name="log4j.ignoreTCL" value="true"/><property name="file.encoding" value="UTF-8"/><property name="jnidispatch.path" value="/home/jrbeduardo/.cache/JNA/temp/jna2738156164962731459.tmp"/><property name="jna.loaded" value="true"/><property name="java.io.tmpdir" value="/tmp"/><property name="java.version" value="11.0.26"/><property name="java.vm.specification.name" value="Java Virtual Machine Specification"/><property name="java.awt.printerjob" value="sun.print.PSPrinterJob"/><property name="sun.os.patch.level" value="unknown"/><property name="java.library.path" value="/usr/java/packages/lib:/usr/lib/x86_64-linux-gnu/jni:/lib/x86_64-linux-gnu:/usr/lib/x86_64-linux-gnu:/usr/lib/jni:/lib:/usr/lib"/><property name="java.vendor" value="Debian"/><property name="java.specification.maintenance.version" value="3"/><property name="scala.ext.dirs" value="/home/jrbeduardo/.sbt/1.0/java9-rt-ext-debian_11_0_26"/><property name="sun.io.unicode.encoding" value="UnicodeLittle"/><property name="sun.desktop" value="gnome"/><property name="java.class.path" value="/home/jrbeduardo/.sdkman/candidates/sbt/1.10.7/bin/sbt-launch.jar"/><property name="java.vm.vendor" value="Debian"/><property name="jline.shutdownhook" value="false"/><property name="user.timezone" value="America/Mexico_City"/><property name="os.name" value="Linux"/><property name="java.vm.specification.version" value="11"/><property name="sun.java.launcher" value="SUN_STANDARD"/><property name="user.country" value="MX"/><property name="sun.cpu.endian" value="little"/><property name="user.home" value="/home/jrbeduardo"/><property name="user.language" value="es"/><property name="sbt.script" value="/home/jrbeduardo/.sdkman/candidates/sbt/current/bin/sbt"/><property name="sbt.ipcsocket.tmpdir" value="/run/user/1000/.sbt383d8d54/ipcsocket"/><property name="swoval.tmpdir" value="/run/user/1000/.sbt383d8d54/swoval"/><property name="java.awt.graphicsenv" value="sun.awt.X11GraphicsEnvironment"/><property name="jline.esc.timeout" value="0"/><property name="path.separator" value=":"/><property name="os.version" value="5.10.0-14-amd64"/><property name="jna.nosys" value="true"/><property name="java.runtime.name" value="OpenJDK Runtime Environment"/><property name="java.vm.name" value="OpenJDK 64-Bit Server VM"/><property name="jna.platform.library.path" value="/usr/lib/x86_64-linux-gnu:/lib/x86_64-linux-gnu:/usr/lib64:/lib64:/usr/lib:/lib:/usr/lib/x86_64-linux-gnu/libfakeroot"/><property name="java.vendor.url.bug" value="https://bugs.debian.org/openjdk-11"/><property name="user.dir" value="/home/jrbeduardo/entrevistas/proyecto_scala"/><property name="os.arch" value="amd64"/><property name="java.vm.info" value="mixed mode, sharing"/><property name="java.vm.version" value="11.0.26+4-post-Debian-1deb11u1"/><property name="java.class.version" value="55.0"/>
    </properties>
          <testcase classname="org.ntic.flights.data.FlightDateTest" name="A FlightDate should be correctly initialized from string" time="0.012">
                      
                    </testcase><testcase classname="org.ntic.flights.data.FlightDateTest" name="A FlightDate should raise an Exception because of wrong string format" time="0.029">
                      
                    </testcase><testcase classname="org.ntic.flights.data.FlightDateTest" name="A FlightDate should print its value in corrected format: DD/MM/YYYY" time="0.014">
                      
                    </testcase>
          <system-out><![CDATA[]]></system-out>
          <system-err><![CDATA[]]></system-err>
        </testsuite>